Sun Jan 07 2018 16:21:52 GMT-0600 (CST) GET /
Sun Jan 07 2018 16:21:56 GMT-0600 (CST) GET /about
Sun Jan 07 2018 16:21:58 GMT-0600 (CST) GET /
Sun Jan 07 2018 16:26:27 GMT-0600 (CST) GET /
Sun Jan 07 2018 16:26:31 GMT-0600 (CST) GET /
Sun Jan 07 2018 16:26:38 GMT-0600 (CST) GET /about
Sun Jan 07 2018 16:26:43 GMT-0600 (CST) GET /home
Sun Jan 07 2018 16:26:46 GMT-0600 (CST) GET /
Sun Jan 07 2018 16:34:48 GMT-0600 (CST) GET /index.html
Sun Jan 07 2018 16:35:53 GMT-0600 (CST) GET /index.html
Sun Jan 07 2018 16:35:54 GMT-0600 (CST) GET /index.html
Sun Jan 07 2018 16:35:56 GMT-0600 (CST) GET /index.html
Sun Jan 07 2018 16:36:00 GMT-0600 (CST) GET /index
Sun Jan 07 2018 16:37:21 GMT-0600 (CST) GET /index.htms
Sun Jan 07 2018 17:49:55 GMT-0600 (CST) GET /robots.txt
Sun Jan 07 2018 17:51:05 GMT-0600 (CST) GET /
Sun Jan 07 2018 17:51:07 GMT-0600 (CST) GET /about
Sun Jan 07 2018 17:51:07 GMT-0600 (CST) GET /
Sun Jan 07 2018 17:51:16 GMT-0600 (CST) GET /about
Sun Jan 07 2018 17:51:16 GMT-0600 (CST) GET /robots.txt
Sun Jan 07 2018 17:51:19 GMT-0600 (CST) GET /
Sun Jan 07 2018 17:51:19 GMT-0600 (CST) GET /
Sun Jan 07 2018 17:55:48 GMT-0600 (CST) GET /
Sun Jan 07 2018 17:55:54 GMT-0600 (CST) GET /project
Sun Jan 07 2018 17:55:59 GMT-0600 (CST) GET /projects
Sun Jan 07 2018 17:56:09 GMT-0600 (CST) GET /projects
Sun Jan 07 2018 17:56:11 GMT-0600 (CST) GET /projects
Sun Jan 07 2018 17:56:17 GMT-0600 (CST) GET /projects
Sun Jan 07 2018 17:57:03 GMT-0600 (CST) GET /projects
Sun Jan 07 2018 17:57:09 GMT-0600 (CST) GET /projects
Sun Jan 07 2018 17:57:10 GMT-0600 (CST) GET /
Sun Jan 07 2018 17:57:11 GMT-0600 (CST) GET /about
Sun Jan 07 2018 17:57:12 GMT-0600 (CST) GET /projects
Sun Jan 07 2018 17:57:13 GMT-0600 (CST) GET /about
Sun Jan 07 2018 17:57:14 GMT-0600 (CST) GET /
Sun Jan 07 2018 17:57:16 GMT-0600 (CST) GET /about
Sun Jan 07 2018 17:57:16 GMT-0600 (CST) GET /projects
Sun Jan 07 2018 17:57:17 GMT-0600 (CST) GET /about
Sun Jan 07 2018 17:57:18 GMT-0600 (CST) GET /
